Magma V2.23-4     Mon Sep  3 2018 10:19:58 on lilo5    [Seed = 298230815]
Type ? for help.  Type <Ctrl>-D to quit.

Loading file "znam.m"
[ 2, 3, 7, 43, 1807, 3263443, 10650056950807, 113423713055421844361000447, 
2572987736655734348107429290411162753668127385839515 ]
[ 2, 3, 7, 43, 1807, 3263443, 10650056950807, 113423713055421844361224123, 
57514669029907197037578143045217064948743648607 ]
[ 2, 3, 7, 43, 1807, 3263443, 10650056950807, 113423713055421844361228135, 
56501248098442515758336759015138702802631193747 ]
[ 2, 3, 7, 43, 1807, 3263443, 10650056950807, 113423713055421844362118847, 
11502933805981439407606367579487750465237530075 ]
[ 2, 3, 7, 43, 1807, 3263443, 10650056950807, 113423713055421844362138907, 
11300249619688503151758090773472078036015039103 ]
[ 2, 3, 7, 43, 1807, 3263443, 10650056950807, 113423713055421844818822655, 
28100293777747895758970177365875143601051547 ]
[ 2, 3, 7, 43, 1807, 3263443, 10650056950807, 113423713055421846650111507, 
5620058755549579242533005917512504209010663 ]
[ 2, 3, 7, 43, 1807, 3263443, 10650056950807, 113423713055421895291598375, 
252597440544536823105015156637787069403347 ]
[ 2, 3, 7, 43, 1807, 3263443, 10650056950807, 113423713055422099013990107, 
50519488108907455359973475665032902681023 ]
[ 2, 3, 7, 43, 1807, 3263443, 10650056950807, 113423713055524250491426495, 
125626645883080218593024951265515677147 ]
[ 2, 3, 7, 43, 1807, 3263443, 10650056950807, 113423713055526087274145051, 
123413077159920249770714042489059340927 ]
[ 2, 3, 7, 43, 1807, 3263443, 10650056950807, 113423713055933875013130707, 
25125329176706782689049327728591935783 ]
[ 2, 3, 7, 43, 1807, 3263443, 10650056950807, 113423713055943058926723487, 
24682615432074788924587145973300668539 ]
[ 2, 3, 7, 43, 1807, 3263443, 10650056950807, 113423736372580899460286171, 
551737083304064207543207465800127 ]
[ 2, 3, 7, 43, 1807, 3263443, 10650056950807, 113423829641217119857429087, 
110347507399783285846116981960379 ]
[ 2, 3, 7, 43, 1807, 3263443, 10650056950847, 2766432025752386503391107, 
115999627459314812324301012821218719655505804495 ]
[ 2, 3, 7, 43, 1807, 3263443, 10650056951323, 219388226423437666823243, 
84927738030018918229316464671054069685993259195 ]
[ 2, 3, 7, 43, 1807, 3263443, 10650056951747, 120535295499928690642699, 
630694319833975043183309694993542180432518547 ]
[ 2, 3, 7, 43, 1807, 3263443, 10650056952247, 78711806433570955508047, 
500983522584904127377779577578958699 ]
[ 2, 3, 7, 43, 1807, 3263443, 10650056953091, 49638386468160430695595, 
580262814184124010726301746206045502899 ]
[ 2, 3, 7, 43, 1807, 3263443, 10650056953883, 36861785209028735632855, 
6796860779740195868150452810127775295863743 ]
[ 2, 3, 7, 43, 1807, 3263443, 10650056956387, 20323243665546616121027, 
7441147463881220196299299643 ]
[ 2, 3, 7, 43, 1807, 3263443, 10650056959463, 13101965247500142927967, 
6374140747026025991175988789268550642949547 ]
[ 2, 3, 7, 43, 1807, 3263443, 10650056962423, 9763597587943504653367, 
163152551377818076474488831706291747 ]
[ 2, 3, 7, 43, 1807, 3263443, 10650057001079, 2256155661902442810155, 
85225491030040886131225725985274832903631 ]
[ 2, 3, 7, 43, 1807, 3263443, 10650057080759, 872805663889391372995, 
3106984980817438460845031785662145751 ]
[ 2, 3, 7, 43, 1807, 3263443, 10650057097955, 770808599600513611759, 
1468072533789524509498274838050111 ]
[ 2, 3, 7, 43, 1807, 3263443, 10650057115363, 689267030960776803127, 
13341318867111228143454915234487 ]
[ 2, 3, 7, 43, 1807, 3263443, 10650057240271, 391839138210149289467, 
11785898457822130148280340948967 ]
[ 2, 3, 7, 43, 1807, 3263443, 10650057374291, 267834222128921486939, 
523837395270793043784719155 ]
[ 2, 3, 7, 43, 1807, 3263443, 10650057568559, 183606910261084650071, 
10909051185129896426531141381996466787534315 ]
[ 2, 3, 7, 43, 1807, 3263443, 10650058412027, 77622569493253156175, 
3135300282548410886946957741613927 ]
