Magma V2.23-4     Tue Sep  4 2018 10:00:14 on hg201pc18 [Seed = 1569209785]
Type ? for help.  Type <Ctrl>-D to quit.

Loading file "znam.m"
[ 2, 3, 7, 43, 1807, 3263447, 2130014000915 ]
[ 2, 3, 7, 43, 1807, 3263591, 71480133827 ]
[ 2, 3, 7, 43, 1807, 3264187, 14298637519 ]
[ 2, 3, 7, 43, 3263, 4051, 2558951 ]
[ 2, 3, 7, 43, 3559, 3667, 33816127 ]
[ 2, 3, 7, 47, 395, 779831, 6020372531 ]
[ 2, 3, 7, 67, 187, 283, 334651 ]
[ 2, 3, 11, 17, 101, 149, 3109 ]
[ 2, 3, 11, 23, 31, 47063, 442938131 ]
[ 2, 3, 11, 23, 31, 47095, 59897203 ]
[ 2, 3, 11, 23, 31, 47131, 30382063 ]
[ 2, 3, 11, 23, 31, 47243, 12017087 ]
[ 2, 3, 11, 23, 31, 47423, 6114059 ]
[ 2, 3, 11, 23, 31, 49759, 866923 ]
[ 2, 3, 11, 23, 31, 60563, 211031 ]
[ 2, 3, 11, 25, 29, 1097, 2753 ]
[ 2, 3, 11, 31, 35, 67, 369067 ]
[ 2, 3, 13, 25, 29, 67, 2981 ]
18

Total time: 0.270 seconds, Total memory usage: 32.09MB
